<?xml version="1.0" encoding="UTF-8"?>
<testng-results ignored="0" total="1" passed="1" failed="0" skipped="0">
  <reporter-output>
  </reporter-output>
  <suite started-at="2019-04-11T19:37:42Z" name="Default suite" finished-at="2019-04-11T19:38:06Z" duration-ms="23845">
    <groups>
    </groups>
    <test started-at="2019-04-11T19:37:42Z" name="Default test" finished-at="2019-04-11T19:38:06Z" duration-ms="23845">
      <class name="com.yourlogo.tests.LoginPageTest">
        <test-method is-config="true" signature="setUp()[pri:0, instance:com.yourlogo.tests.LoginPageTest@1c7696c6]" started-at="2019-04-11T19:37:42Z" name="setUp" finished-at="2019-04-11T19:37:49Z" duration-ms="6851" status="PASS">
          <reporter-output>
          </reporter-output>
        </test-method> <!-- setUp -->
        <test-method signature="BuySummerChiffonDressAfterRegisterTest()[pri:0, instance:com.yourlogo.tests.LoginPageTest@1c7696c6]" started-at="2019-04-11T19:37:49Z" name="BuySummerChiffonDressAfterRegisterTest" finished-at="2019-04-11T19:38:06Z" duration-ms="16836" status="PASS">
          <reporter-output>
          </reporter-output>
        </test-method> <!-- BuySummerChiffonDressAfterRegisterTest -->
        <test-method is-config="true" signature="teardown()[pri:0, instance:com.yourlogo.tests.LoginPageTest@1c7696c6]" started-at="2019-04-11T19:38:06Z" name="teardown" finished-at="2019-04-11T19:38:06Z" duration-ms="135" status="PASS">
          <reporter-output>
          </reporter-output>
        </test-method> <!-- teardown -->
      </class> <!-- com.yourlogo.tests.LoginPageTest -->
    </test> <!-- Default test -->
  </suite> <!-- Default suite -->
</testng-results>
